<?xml version="1.0" encoding="UTF-8"?>
<!-- Generated by org.testng.reporters.JUnitXMLReporter -->
<testsuite ignored="1" hostname="DESKTOP-VRBAL0D" failures="0" tests="1" name="Default test" time="9.291" errors="0" timestamp="2024-01-19T14:54:43 IST">
  <testcase classname="com.synechron.testcases.LoginPageTest" name="validateTitleTC" time="0.02"/>
  <testcase classname="com.synechron.testcases.LoginPageTest" name="validateLogin" time="0.0">
    <ignored/>
  </testcase> <!-- validateLogin -->
</testsuite> <!-- Default test -->
