<?xml version="1.0" encoding="UTF-8"?>
<testng-results ignored="1" total="2" passed="1" failed="0" skipped="0">
  <reporter-output>
  </reporter-output>
  <suite started-at="2024-01-19T14:54:34 IST" name="Default suite" finished-at="2024-01-19T14:54:43 IST" duration-ms="9291">
    <groups>
    </groups>
    <test started-at="2024-01-19T14:54:34 IST" name="Default test" finished-at="2024-01-19T14:54:43 IST" duration-ms="9291">
      <class name="com.synechron.testcases.LoginPageTest">
        <test-method is-config="true" signature="browserSetup()[pri:0, instance:com.synechron.testcases.LoginPageTest@2a54a73f]" started-at="2024-01-19T14:54:34 IST" name="browserSetup" finished-at="2024-01-19T14:54:43 IST" duration-ms="9100" status="PASS">
          <reporter-output>
          </reporter-output>
        </test-method> <!-- browserSetup -->
        <test-method signature="validateTitleTC()[pri:0, instance:com.synechron.testcases.LoginPageTest@2a54a73f]" started-at="2024-01-19T14:54:43 IST" name="validateTitleTC" finished-at="2024-01-19T14:54:43 IST" duration-ms="20" status="PASS">
          <reporter-output>
          </reporter-output>
        </test-method> <!-- validateTitleTC -->
        <test-method is-config="true" signature="closeBrowser()[pri:0, instance:com.synechron.testcases.LoginPageTest@2a54a73f]" started-at="2024-01-19T14:54:43 IST" name="closeBrowser" finished-at="2024-01-19T14:54:43 IST" duration-ms="132" status="PASS">
          <reporter-output>
          </reporter-output>
        </test-method> <!-- closeBrowser -->
      </class> <!-- com.synechron.testcases.LoginPageTest -->
    </test> <!-- Default test -->
  </suite> <!-- Default suite -->
</testng-results>
